<?xml version="1.0" encoding="UTF-8" ?>
<testsuite tests="1" failures="0" name="org.book.BookSearchTest" time="0.113" errors="0" skipped="1">
  <properties>
[...]
</properties>
  <testcase classname="Book search" name="Search books by publication year" time="0.113">
    <skipped/>
    <system-out>
Scenario: Search books by publication year                                                                    &amp;#27;[90m# org/book/book_search_feature.feature:4&amp;#27;[0m
  &amp;#27;[33mGiven &amp;#27;[0m&amp;#27;[33ma book with the title &apos;One good book&apos;, written by &apos;Anonymous&apos;, published in 2013-03-14&amp;#27;[0m                &amp;#27;[90m# null&amp;#27;[0m
  &amp;#27;[33mAnd &amp;#27;[0m&amp;#27;[33manother book with the title &apos;Some other book&apos;, written by &apos;Tim Tomson&apos;, published in 2014-04-23&amp;#27;[0m         &amp;#27;[90m# null&amp;#27;[0m
  &amp;#27;[33mAnd &amp;#27;[0m&amp;#27;[33manother book with the title &apos;How to cook a dino&apos;, written by &apos;Fred Flintstone&apos;, published in 2012-01-01&amp;#27;[0m &amp;#27;[90m# null&amp;#27;[0m
  &amp;#27;[33mWhen &amp;#27;[0m&amp;#27;[33mthe customer searches for books published between 2013 and 2014&amp;#27;[0m                                        &amp;#27;[90m# null&amp;#27;[0m
  &amp;#27;[33mThen &amp;#27;[0m&amp;#27;[33m2 books should have been found&amp;#27;[0m                                                                         &amp;#27;[90m# null&amp;#27;[0m
  &amp;#27;[33mAnd &amp;#27;[0m&amp;#27;[33mBook 1 should have the title &apos;Some other book&apos;&amp;#27;[0m                                                          &amp;#27;[90m# null&amp;#27;[0m
  &amp;#27;[33mAnd &amp;#27;[0m&amp;#27;[33mBook 2 should have the title &apos;One good book&apos;&amp;#27;[0m                                                            &amp;#27;[90m# null&amp;#27;[0m
</system-out>
    <system-err>Mar 05, 2020 3:40:12 PM io.cucumber.junit.Cucumber &lt;init&gt;
WARNING: By default Cucumber is running in --non-strict mode.
This default will change to --strict and --non-strict will be removed.
You can use --strict or @CucumberOptions(strict = true) to suppress this warning
</system-err>
  </testcase>
</testsuite>